{"name":"APIError","status":422,"isPublic":false,"isOperational":true,"level":"error"}
{"name":"APIError","status":422,"isPublic":true,"isOperational":true,"level":"error"}
{"name":"APIError","status":422,"isPublic":true,"isOperational":true,"level":"error"}
{"name":"APIError","status":422,"isPublic":true,"isOperational":true,"level":"error"}
{"name":"APIError","status":500,"isPublic":false,"isOperational":true,"level":"error"}
{"name":"APIError","status":422,"isPublic":false,"isOperational":true,"level":"error"}
{"name":"APIError","status":422,"isPublic":false,"isOperational":true,"level":"error"}
{"name":"APIError","status":422,"isPublic":false,"isOperational":true,"level":"error"}
{"name":"APIError","status":500,"isPublic":false,"isOperational":true,"level":"error"}
{"message":{"name":"APIError","status":422,"isPublic":false,"isOperational":true},"level":"error"}
{"name":"APIError","status":422,"isPublic":false,"isOperational":true,"level":"error"}
{"name":"APIError","errors":[{"field":"email","message":"Please enter a valid email."}],"status":422,"isPublic":false,"isOperational":true,"level":"error"}
{"name":"APIError","status":422,"isPublic":false,"isOperational":true,"level":"error"}
{"name":"APIError","status":422,"isPublic":false,"isOperational":true,"level":"error"}
{"name":"APIError","status":422,"isPublic":false,"isOperational":true,"level":"error"}
{"name":"APIError","status":422,"isPublic":false,"isOperational":true,"level":"error"}
{"name":"APIError","status":422,"isPublic":false,"isOperational":true,"level":"error"}
{"message":{"name":"APIError","status":403,"isPublic":false,"isOperational":true},"level":"error"}
{"name":"APIError","status":403,"isPublic":false,"isOperational":true,"level":"error"}
{"name":"APIError","status":403,"isPublic":false,"isOperational":true,"level":"error"}
{"name":"APIError","status":403,"isPublic":false,"isOperational":true,"level":"error"}
{"name":"APIError","status":422,"isPublic":false,"isOperational":true,"level":"error"}
{"level":"error"}
{"level":"error"}
{"level":"error"}
{"message":{"name":"APIError","status":401,"isPublic":false,"isOperational":true},"level":"error"}
{"level":"error"}
{"message":{"name":"APIError","status":401,"isPublic":false,"isOperational":true},"level":"error"}
{"level":"error"}
{"level":"error"}
{"level":"error"}
{"level":"error"}
{"level":"error"}
{"level":"error"}
{"level":"error"}
{"level":"error"}
{"level":"error"}
{"level":"error"}
{"level":"error"}
{"level":"error"}
{"level":"error"}
{"level":"error"}
{"level":"error"}
{"level":"error"}
{"level":"error"}
{"level":"error"}
{"level":"error"}
{"level":"error"}
{"level":"error"}
{"level":"error"}
{"level":"error"}
{"level":"error"}
{"level":"error"}
{"level":"error"}
{"level":"error"}
{"name":"APIError","status":403,"isPublic":false,"isOperational":true,"level":"error"}
{"name":"APIError","status":403,"isPublic":false,"isOperational":true,"level":"error"}
{"name":"APIError","status":403,"isPublic":false,"isOperational":true,"level":"error"}
{"name":"APIError","status":403,"isPublic":false,"isOperational":true,"level":"error"}
{"name":"APIError","status":403,"isPublic":false,"isOperational":true,"level":"error"}
{"name":"APIError","status":403,"isPublic":false,"isOperational":true,"level":"error"}
{"name":"APIError","status":403,"isPublic":false,"isOperational":true,"level":"error"}
{"name":"APIError","status":403,"isPublic":false,"isOperational":true,"level":"error"}
{"name":"APIError","status":403,"isPublic":false,"isOperational":true,"level":"error"}
{"level":"error"}
{"name":"APIError","status":403,"isPublic":false,"isOperational":true,"level":"error"}
{"name":"APIError","status":403,"isPublic":false,"isOperational":true,"level":"error"}
{"name":"APIError","status":403,"isPublic":false,"isOperational":true,"level":"error"}
{"name":"APIError","status":403,"isPublic":false,"isOperational":true,"level":"error"}
{"message":{"name":"APIError","status":401,"isPublic":false,"isOperational":true},"level":"error"}
{"name":"APIError","status":403,"isPublic":false,"isOperational":true,"level":"error"}
{"name":"APIError","status":403,"isPublic":false,"isOperational":true,"level":"error"}
{"message":{"name":"APIError","status":401,"isPublic":false,"isOperational":true},"level":"error"}
{"message":{"name":"APIError","status":404,"isPublic":false,"isOperational":true},"level":"error"}
{"name":"APIError","status":422,"isPublic":false,"isOperational":true,"level":"error"}
{"message":{"name":"APIError","status":401,"isPublic":false,"isOperational":true},"level":"error"}
{"level":"error"}
{"level":"error"}
{"name":"APIError","errors":[{"field":"name","message":"name should be at least 3 characters long"}],"status":422,"isPublic":false,"isOperational":true,"level":"error"}
{"name":"APIError","status":404,"isPublic":false,"isOperational":true,"level":"error"}
{"message":{"name":"APIError","status":401,"isPublic":false,"isOperational":true},"level":"error"}
{"name":"APIError","status":404,"isPublic":false,"isOperational":true,"level":"error"}
{"code":"ERR_HTTP_INVALID_STATUS_CODE","level":"error"}
{"name":"APIError","status":422,"isPublic":false,"isOperational":true,"level":"error"}
{"message":{"name":"APIError","status":401,"isPublic":false,"isOperational":true},"level":"error"}
{"name":"APIError","status":422,"isPublic":false,"isOperational":true,"level":"error"}
{"name":"APIError","status":404,"isPublic":false,"isOperational":true,"level":"error"}
{"name":"APIError","status":404,"isPublic":false,"isOperational":true,"level":"error"}
{"name":"APIError","status":404,"isPublic":false,"isOperational":true,"level":"error"}
{"name":"APIError","status":404,"isPublic":false,"isOperational":true,"level":"error"}
{"name":"APIError","status":404,"isPublic":false,"isOperational":true,"level":"error"}
{"name":"APIError","status":422,"isPublic":false,"isOperational":true,"level":"error"}
{"message":{"name":"APIError","status":401,"isPublic":false,"isOperational":true},"level":"error"}
{"level":"error"}
{"name":"APIError","errors":[{"field":"password","message":"Password must be at least 8 characters long."}],"status":422,"isPublic":false,"isOperational":true,"level":"error"}
{"name":"APIError","errors":[{"field":"password","message":"Password must be at least 8 characters long."},{"field":"confirmPassword","message":"Passwords do not match."}],"status":422,"isPublic":false,"isOperational":true,"level":"error"}
{"name":"APIError","status":422,"isPublic":false,"isOperational":true,"level":"error"}
{"message":{"name":"APIError","status":401,"isPublic":false,"isOperational":true},"level":"error"}
{"errors":{"email":{"name":"ValidatorError","message":"Path `email` is required.","properties":{"message":"Path `email` is required.","type":"required","path":"email"},"kind":"required","path":"email"},"password":{"name":"ValidatorError","message":"Path `password` is required.","properties":{"message":"Path `password` is required.","type":"required","path":"password"},"kind":"required","path":"password"}},"_message":"User validation failed","level":"error","message":"User validation failed: email: Path `email` is required., password: Path `password` is required."}
{"errors":{"password":{"name":"ValidatorError","message":"Path `password` is required.","properties":{"message":"Path `password` is required.","type":"required","path":"password"},"kind":"required","path":"password"}},"_message":"User validation failed","level":"error","message":"User validation failed: password: Path `password` is required."}
{"errors":{"password":{"name":"ValidatorError","message":"Path `password` is required.","properties":{"message":"Path `password` is required.","type":"required","path":"password"},"kind":"required","path":"password"}},"_message":"User validation failed","level":"error","message":"User validation failed: password: Path `password` is required."}
{"level":"error"}
{"name":"APIError","errors":[{"field":"password","message":"Password must be at least 8 characters long."}],"status":422,"isPublic":false,"isOperational":true,"level":"error"}
{"expose":true,"statusCode":400,"status":400,"body":"{\r\n    \"email\": \"David@root.com\"\r\n    \"password\": \"Davidroot\"\r\n}","type":"entity.parse.failed","level":"error"}
{"name":"APIError","errors":[{"field":"confirmPassword","message":"Passwords do not match."}],"status":422,"isPublic":false,"isOperational":true,"level":"error"}
{"expose":true,"statusCode":400,"status":400,"body":"{\r\n    \"email\": \"David@root.com\",\r\n    \r\n}","type":"entity.parse.failed","level":"error"}
{"name":"APIError","errors":[{"field":"password","message":"Password must be at least 8 characters long."}],"status":422,"isPublic":false,"isOperational":true,"level":"error"}
{"expose":true,"statusCode":400,"status":400,"body":"{\r\n    \"email\": \"David@root.com\"\r\n    \"password\": \"Davidroot\"\r\n}","type":"entity.parse.failed","level":"error"}
{"name":"APIError","errors":[{"field":"confirmPassword","message":"Passwords do not match."}],"status":422,"isPublic":false,"isOperational":true,"level":"error"}
{"expose":true,"statusCode":400,"status":400,"body":"{\r\n    \"email\": \"David@root.com\",\r\n   \r\n}","type":"entity.parse.failed","level":"error"}
{"errors":{"password":{"name":"ValidatorError","message":"Path `password` is required.","properties":{"message":"Path `password` is required.","type":"required","path":"password"},"kind":"required","path":"password"}},"_message":"User validation failed","level":"error","message":"User validation failed: password: Path `password` is required."}
{"name":"APIError","errors":[{"field":"password","message":"Password must be at least 8 characters long."}],"status":422,"isPublic":false,"isOperational":true,"level":"error"}
{"name":"APIError","errors":[{"field":"password","message":"Password must be at least 8 characters long."},{"field":"role","message":"Role cannot be blank"}],"status":422,"isPublic":false,"isOperational":true,"level":"error"}
{"expose":true,"statusCode":400,"status":400,"body":"{\r\n    \"email\": \"David@root.com\"\r\n    \"password\": \"Davidroot\",\r\n    \"confirmPassword\": \"Davidroot\"\r\n}","type":"entity.parse.failed","level":"error"}
{"name":"APIError","errors":[{"field":"role","message":"Role cannot be blank"}],"status":422,"isPublic":false,"isOperational":true,"level":"error"}
{"name":"APIError","errors":[{"field":"role","message":"Role cannot be blank"}],"status":422,"isPublic":false,"isOperational":true,"level":"error"}
{"name":"APIError","errors":[{"field":"role","message":"Role can only be admin or user"}],"status":422,"isPublic":false,"isOperational":true,"level":"error"}
{"name":"APIError","errors":[{"field":"role","message":"Role can only be admin or user"}],"status":422,"isPublic":false,"isOperational":true,"level":"error"}
{"name":"APIError","errors":[{"field":"role","message":"Role cannot be blank"},{"field":"role","message":"Role can only be admin or user"}],"status":422,"isPublic":false,"isOperational":true,"level":"error"}
{"name":"APIError","errors":[{"field":"role","message":"Role cannot be blank"}],"status":422,"isPublic":false,"isOperational":true,"level":"error"}
{"name":"APIError","errors":[{"field":"role","message":"Role can only be admin or user"}],"status":422,"isPublic":false,"isOperational":true,"level":"error"}
{"name":"APIError","errors":[{"field":"role","message":"Role can only be admin or user"}],"status":422,"isPublic":false,"isOperational":true,"level":"error"}
{"name":"APIError","errors":[{"field":"role","message":"Role can only be admin or user"}],"status":422,"isPublic":false,"isOperational":true,"level":"error"}
{"name":"APIError","errors":[{"field":"role","message":"Role cannot be blank"}],"status":422,"isPublic":false,"isOperational":true,"level":"error"}
{"name":"APIError","errors":[{"field":"role","message":"Role can only be admin or user"}],"status":422,"isPublic":false,"isOperational":true,"level":"error"}
{"name":"APIError","errors":[{"field":"role","message":"Role can only be admin or user"}],"status":422,"isPublic":false,"isOperational":true,"level":"error"}
{"name":"APIError","errors":[{"field":"role","message":"Role can only be admin or user"}],"status":422,"isPublic":false,"isOperational":true,"level":"error"}
{"name":"APIError","errors":[{"field":"role","message":"Role can only be admin or user"}],"status":422,"isPublic":false,"isOperational":true,"level":"error"}
{"name":"APIError","errors":[{"field":"role","message":"Role cannot be blank"}],"status":422,"isPublic":false,"isOperational":true,"level":"error"}
{"expose":true,"statusCode":400,"status":400,"body":"{\r\n    \"email\": \"David@root.com\",\r\n    \"password\": \"Davidroot\",\r\n    \"confirmPassword\": \"Davidroot\",\r\n   \r\n}","type":"entity.parse.failed","level":"error"}
{"name":"APIError","errors":[{"field":"role","message":"Role cannot be blank"}],"status":422,"isPublic":false,"isOperational":true,"level":"error"}
{"name":"APIError","status":403,"isPublic":false,"isOperational":true,"level":"error"}
{"message":{"name":"APIError","status":404,"isPublic":false,"isOperational":true},"level":"error"}
{"level":"error"}
{"stringValue":"\"f749cbbc22eba33f8d7c33e\"","kind":"ObjectId","value":"f749cbbc22eba33f8d7c33e","path":"user","reason":{},"level":"error"}
{"name":"APIError","status":404,"isPublic":false,"isOperational":true,"level":"error"}
{"name":"APIError","status":404,"isPublic":false,"isOperational":true,"level":"error"}
{"level":"error"}
{"level":"error"}
{"level":"error"}
{"level":"error"}
{"level":"error"}
{"level":"error"}
{"errors":{"value":{"name":"ValidatorError","message":"Path `value` is required.","properties":{"message":"Path `value` is required.","type":"required","path":"value"},"kind":"required","path":"value"}},"_message":"RefreshToken validation failed","level":"error","message":"RefreshToken validation failed: value: Path `value` is required."}
{"level":"error"}
{"name":"APIError","status":404,"isPublic":false,"isOperational":true,"level":"error"}
{"name":"APIError","status":404,"isPublic":false,"isOperational":true,"level":"error"}
{"name":"APIError","status":404,"isPublic":false,"isOperational":true,"level":"error"}
{"name":"APIError","status":422,"isPublic":false,"isOperational":true,"level":"error"}
{"name":"APIError","status":404,"isPublic":false,"isOperational":true,"level":"error"}
{"message":{"name":"APIError","status":404,"isPublic":false,"isOperational":true},"level":"error"}
{"expose":true,"statusCode":400,"status":400,"body":"{\r\n    \"password\": \"AdminAdmin\"\r\n    \"passwordResetToken\": \"a\"\r\n}","type":"entity.parse.failed","level":"error"}
{"message":{"name":"APIError","status":404,"isPublic":false,"isOperational":true},"level":"error"}
{"message":{"name":"APIError","status":404,"isPublic":false,"isOperational":true},"level":"error"}
{"message":{"name":"APIError","status":404,"isPublic":false,"isOperational":true},"level":"error"}
{"message":{"name":"APIError","status":404,"isPublic":false,"isOperational":true},"level":"error"}
{"message":{"name":"APIError","status":404,"isPublic":false,"isOperational":true},"level":"error"}
{"message":{"name":"APIError","status":404,"isPublic":false,"isOperational":true},"level":"error"}
{"name":"APIError","status":304,"isPublic":false,"isOperational":true,"level":"error"}
{"name":"APIError","status":304,"isPublic":false,"isOperational":true,"level":"error"}
{"name":"APIError","status":304,"isPublic":false,"isOperational":true,"level":"error"}
{"name":"APIError","status":304,"isPublic":false,"isOperational":true,"level":"error"}
{"name":"APIError","status":422,"isPublic":false,"isOperational":true,"level":"error"}
{"name":"APIError","status":304,"isPublic":false,"isOperational":true,"level":"error"}
{"name":"APIError","status":304,"isPublic":false,"isOperational":true,"level":"error"}
{"name":"APIError","status":304,"isPublic":false,"isOperational":true,"level":"error"}
{"name":"APIError","status":304,"isPublic":true,"isOperational":true,"level":"error"}
{"name":"APIError","status":304,"isPublic":false,"isOperational":true,"level":"error"}
{"name":"APIError","status":304,"isPublic":false,"isOperational":true,"level":"error"}
{"name":"APIError","status":304,"isPublic":false,"isOperational":true,"level":"error"}
{"name":"APIError","status":304,"isPublic":false,"isOperational":true,"level":"error"}
{"name":"APIError","status":422,"isPublic":false,"isOperational":true,"level":"error"}
{"name":"APIError","status":422,"isPublic":false,"isOperational":true,"level":"error"}
{"message":{"name":"APIError","status":404,"isPublic":false,"isOperational":true},"level":"error"}
{"name":"APIError","status":422,"isPublic":false,"isOperational":true,"level":"error"}
{"name":"APIError","status":422,"isPublic":false,"isOperational":true,"level":"error"}
{"name":"APIError","status":422,"isPublic":false,"isOperational":true,"level":"error"}
{"name":"APIError","status":422,"isPublic":false,"isOperational":true,"level":"error"}
{"name":"APIError","status":422,"isPublic":false,"isOperational":true,"level":"error"}
{"name":"APIError","status":422,"isPublic":false,"isOperational":true,"level":"error"}
{"name":"APIError","status":422,"isPublic":false,"isOperational":true,"level":"error"}
{"name":"APIError","status":422,"isPublic":false,"isOperational":true,"level":"error"}
{"name":"APIError","status":422,"isPublic":false,"isOperational":true,"level":"error"}
{"name":"APIError","status":422,"isPublic":false,"isOperational":true,"level":"error"}
{"name":"APIError","status":422,"isPublic":false,"isOperational":true,"level":"error"}
{"name":"APIError","status":422,"isPublic":false,"isOperational":true,"level":"error"}
{"name":"APIError","status":422,"isPublic":false,"isOperational":true,"level":"error"}
{"name":"APIError","errors":[{"field":"password","message":"Password must be at least 8 characters long."},{"field":"confirmPassword","message":"Passwords do not match."}],"status":422,"isPublic":false,"isOperational":true,"level":"error"}
{"name":"APIError","errors":[{"field":"confirmPassword","message":"Passwords do not match."}],"status":422,"isPublic":false,"isOperational":true,"level":"error"}
{"level":"error"}
{"name":"APIError","errors":[{"field":"confirmPassword","message":"Passwords do not match."}],"status":422,"isPublic":false,"isOperational":true,"level":"error"}
{"name":"APIError","errors":[{"field":"confirmPassword","message":"Passwords do not match."}],"status":422,"isPublic":false,"isOperational":true,"level":"error"}
{"name":"APIError","errors":[{"field":"password","message":"Password must be at least 8 characters long."}],"status":422,"isPublic":false,"isOperational":true,"level":"error"}
{"name":"APIError","errors":[{"field":"confirmPassword","message":"Passwords do not match."}],"status":422,"isPublic":false,"isOperational":true,"level":"error"}
{"name":"APIError","errors":[{"field":"password","message":"Password must be at least 8 characters long."}],"status":422,"isPublic":false,"isOperational":true,"level":"error"}
{"name":"APIError","status":422,"isPublic":false,"isOperational":true,"level":"error"}
{"name":"APIError","status":422,"isPublic":false,"isOperational":true,"level":"error"}
{"name":"APIError","errors":[{"field":"confirmPassword","message":"Passwords do not match."}],"status":422,"isPublic":false,"isOperational":true,"level":"error"}
{"name":"APIError","errors":[{"field":"confirmPassword","message":"Passwords do not match."}],"status":422,"isPublic":false,"isOperational":true,"level":"error"}
{"name":"APIError","status":422,"isPublic":false,"isOperational":true,"level":"error"}
{"message":{"name":"APIError","status":404,"isPublic":false,"isOperational":true},"level":"error"}
{"message":{"name":"APIError","status":404,"isPublic":false,"isOperational":true},"level":"error"}
{"name":"APIError","status":422,"isPublic":false,"isOperational":true,"level":"error"}
{"name":"APIError","status":422,"isPublic":false,"isOperational":true,"level":"error"}
{"stringValue":"\"{ user: 5f749cbbc22eba33f8d7c33e }\"","kind":"ObjectId","value":{"user":"5f749cbbc22eba33f8d7c33e"},"path":"_id","reason":{},"level":"error"}
{"stringValue":"\"{ user: 5f749cbbc22eba33f8d7c33e }\"","kind":"ObjectId","value":{"user":"5f749cbbc22eba33f8d7c33e"},"path":"_id","reason":{},"level":"error"}
{"stringValue":"\"{ user: 5f749cbbc22eba33f8d7c33e }\"","kind":"ObjectId","value":{"user":"5f749cbbc22eba33f8d7c33e"},"path":"_id","reason":{},"level":"error"}
{"stringValue":"\"{ user: '5f749cbbc22eba33f8d7c33e' }\"","kind":"ObjectId","value":{"user":"5f749cbbc22eba33f8d7c33e"},"path":"_id","reason":{},"level":"error"}
{"level":"error"}
{"level":"error"}
{"level":"error"}
{"message":{"name":"APIError","status":401,"isPublic":false,"isOperational":true},"level":"error"}
{"name":"APIError","status":403,"isPublic":false,"isOperational":true,"level":"error"}
{"name":"APIError","status":403,"isPublic":false,"isOperational":true,"level":"error"}
{"message":{"name":"APIError","status":404,"isPublic":false,"isOperational":true},"level":"error"}
{"name":"APIError","status":422,"isPublic":false,"isOperational":true,"level":"error"}
{"name":"APIError","status":403,"isPublic":false,"isOperational":true,"level":"error"}
{"name":"APIError","errors":[{"field":"name","message":"name should be at least 3 characters long"}],"status":422,"isPublic":false,"isOperational":true,"level":"error"}
{"expose":true,"statusCode":400,"status":400,"body":"{\r\n    name: \"Yugi\"\r\n}","type":"entity.parse.failed","level":"error"}
{"name":"APIError","status":422,"isPublic":false,"isOperational":true,"level":"error"}
{"level":"error"}
{"name":"APIError","errors":[{"field":"refreshToken","message":"refreshToken cannot be blank"}],"status":422,"isPublic":false,"isOperational":true,"level":"error"}
{"name":"APIError","status":404,"isPublic":false,"isOperational":true,"level":"error"}
{"name":"APIError","status":404,"isPublic":false,"isOperational":true,"level":"error"}
{"name":"APIError","status":404,"isPublic":false,"isOperational":true,"level":"error"}
{"name":"APIError","errors":[{"field":"email","message":"Please enter a valid email."}],"status":422,"isPublic":false,"isOperational":true,"level":"error"}
{"name":"APIError","errors":[{"field":"email","message":"Please enter a valid email."}],"status":422,"isPublic":false,"isOperational":true,"level":"error"}
{"name":"APIError","status":404,"isPublic":false,"isOperational":true,"level":"error"}
{"message":{"name":"APIError","status":404,"isPublic":false,"isOperational":true},"level":"error"}
{"name":"APIError","errors":[{"field":"passwordResetToken","message":"passwordResetToken cannot be blank"}],"status":422,"isPublic":false,"isOperational":true,"level":"error"}
{"message":{"name":"APIError","status":404,"isPublic":false,"isOperational":true},"level":"error"}
{"name":"APIError","status":422,"isPublic":false,"isOperational":true,"level":"error"}
{"level":"error"}
{"level":"error"}
{"level":"error"}
{"name":"APIError","status":422,"isPublic":false,"isOperational":true,"level":"error"}
{"name":"APIError","errors":[{"field":"test","message":"test"},{"field":"email","message":"Please enter a valid email."},{"field":"password","message":"Password must be at least 8 characters long."},{"field":"role","message":"Role cannot be blank"}],"status":422,"isPublic":false,"isOperational":true,"level":"error"}
{"name":"APIError","errors":[{"field":"test","message":"test"},{"field":"email","message":"Please enter a valid email."},{"field":"password","message":"Password must be at least 8 characters long."},{"field":"role","message":"Role cannot be blank"}],"status":422,"isPublic":false,"isOperational":true,"level":"error"}
{"name":"APIError","errors":[{},{"field":"Email","message":"Please enter a valid email."},{"field":"password","message":"Password must be at least 8 characters long."},{"field":"role","message":"Role cannot be blank"}],"status":422,"isPublic":false,"isOperational":true,"level":"error"}
{"name":"APIError","errors":[{"field":"email","message":"Please enter a valid email."}],"status":422,"isPublic":false,"isOperational":true,"level":"error"}
{"name":"APIError","errors":[{"field":"email","message":"Please enter a valid email."}],"status":422,"isPublic":false,"isOperational":true,"level":"error"}
{"name":"APIError","status":422,"isPublic":false,"isOperational":true,"level":"error"}
{"name":"APIError","status":422,"isPublic":false,"isOperational":true,"level":"error"}
{"name":"APIError","status":422,"isPublic":false,"isOperational":true,"level":"error"}
{"name":"APIError","status":422,"isPublic":false,"isOperational":true,"level":"error"}
{"name":"APIError","status":422,"isPublic":false,"isOperational":true,"level":"error"}
{"name":"APIError","status":422,"isPublic":false,"isOperational":true,"level":"error"}
{"name":"APIError","status":422,"isPublic":false,"isOperational":true,"level":"error"}
{"name":"APIError","status":422,"isPublic":false,"isOperational":true,"level":"error"}
{"name":"APIError","status":422,"isPublic":false,"isOperational":true,"level":"error"}
{"name":"APIError","errors":[{"field":"email","message":"Please enter a valid email."}],"status":422,"isPublic":false,"isOperational":true,"level":"error"}
{"name":"APIError","status":404,"isPublic":false,"isOperational":true,"level":"error"}
{"name":"APIError","status":404,"isPublic":false,"isOperational":true,"level":"error"}
{"name":"APIError","errors":[{"field":"email","message":"Please enter a valid email."},{"field":"password","message":"Password must be at least 8 characters long."},{"field":"role","message":"Role cannot be blank"}],"status":422,"isPublic":false,"isOperational":true,"level":"error"}
{"message":{"name":"APIError","status":401,"isPublic":false,"isOperational":true},"level":"error"}
{"message":{"name":"APIError","status":401,"isPublic":false,"isOperational":true},"level":"error"}
{"message":{"name":"APIError","status":404,"isPublic":false,"isOperational":true},"level":"error"}
{"message":{"name":"APIError","status":404,"isPublic":false,"isOperational":true},"level":"error"}
{"name":"APIError","status":422,"isPublic":false,"isOperational":true,"level":"error"}
{"message":{"name":"APIError","status":404,"isPublic":false,"isOperational":true},"level":"error"}
{"name":"APIError","status":422,"isPublic":false,"isOperational":true,"level":"error"}
{"message":{"name":"APIError","status":401,"isPublic":false,"isOperational":true},"level":"error"}
{"message":{"name":"APIError","status":401,"isPublic":false,"isOperational":true},"level":"error"}
{"message":{"name":"APIError","status":401,"isPublic":false,"isOperational":true},"level":"error"}
{"message":{"name":"APIError","status":401,"isPublic":false,"isOperational":true},"level":"error"}
{"message":{"name":"APIError","status":401,"isPublic":false,"isOperational":true},"level":"error"}
{"message":{"name":"APIError","status":401,"isPublic":false,"isOperational":true},"level":"error"}
{"message":{"name":"APIError","status":401,"isPublic":false,"isOperational":true},"level":"error"}
{"message":{"name":"APIError","status":401,"isPublic":false,"isOperational":true},"level":"error"}
{"message":{"name":"APIError","status":401,"isPublic":false,"isOperational":true},"level":"error"}
{"message":{"name":"APIError","status":401,"isPublic":false,"isOperational":true},"level":"error"}
{"message":{"name":"APIError","status":401,"isPublic":false,"isOperational":true},"level":"error"}
{"message":{"name":"APIError","status":401,"isPublic":false,"isOperational":true},"level":"error"}
{"message":{"name":"APIError","status":401,"isPublic":false,"isOperational":true},"level":"error"}
{"message":{"name":"APIError","status":401,"isPublic":false,"isOperational":true},"level":"error"}
{"message":{"name":"APIError","status":401,"isPublic":false,"isOperational":true},"level":"error"}
{"message":{"name":"APIError","status":401,"isPublic":false,"isOperational":true},"level":"error"}
{"message":{"name":"APIError","status":401,"isPublic":false,"isOperational":true},"level":"error"}
{"message":{"name":"APIError","status":401,"isPublic":false,"isOperational":true},"level":"error"}
{"message":{"name":"APIError","status":401,"isPublic":false,"isOperational":true},"level":"error"}
{"message":{"name":"APIError","status":401,"isPublic":false,"isOperational":true},"level":"error"}
{"message":{"name":"APIError","status":401,"isPublic":false,"isOperational":true},"level":"error"}
{"message":{"name":"APIError","status":401,"isPublic":false,"isOperational":true},"level":"error"}
{"message":{"name":"APIError","status":401,"isPublic":false,"isOperational":true},"level":"error"}
{"message":{"name":"APIError","status":401,"isPublic":false,"isOperational":true},"level":"error"}
{"message":{"name":"APIError","status":401,"isPublic":false,"isOperational":true},"level":"error"}
{"message":{"name":"APIError","status":401,"isPublic":false,"isOperational":true},"level":"error"}
{"message":{"name":"APIError","status":401,"isPublic":false,"isOperational":true},"level":"error"}
{"message":{"name":"APIError","status":401,"isPublic":false,"isOperational":true},"level":"error"}
{"message":{"name":"APIError","status":401,"isPublic":false,"isOperational":true},"level":"error"}
{"message":{"name":"APIError","status":401,"isPublic":false,"isOperational":true},"level":"error"}
{"message":{"name":"APIError","status":401,"isPublic":false,"isOperational":true},"level":"error"}
{"message":{"name":"APIError","status":401,"isPublic":false,"isOperational":true},"level":"error"}
{"message":{"name":"APIError","status":401,"isPublic":false,"isOperational":true},"level":"error"}
{"message":{"name":"APIError","status":401,"isPublic":false,"isOperational":true},"level":"error"}
{"message":{"name":"APIError","status":401,"isPublic":false,"isOperational":true},"level":"error"}
{"message":{"name":"APIError","status":401,"isPublic":false,"isOperational":true},"level":"error"}
{"message":{"name":"APIError","status":401,"isPublic":false,"isOperational":true},"level":"error"}
{"message":{"name":"APIError","status":401,"isPublic":false,"isOperational":true},"level":"error"}
{"message":{"name":"APIError","status":401,"isPublic":false,"isOperational":true},"level":"error"}
{"message":{"name":"APIError","status":401,"isPublic":false,"isOperational":true},"level":"error"}
{"message":{"name":"APIError","status":401,"isPublic":false,"isOperational":true},"level":"error"}
{"message":{"name":"APIError","status":401,"isPublic":false,"isOperational":true},"level":"error"}
{"message":{"name":"APIError","status":401,"isPublic":false,"isOperational":true},"level":"error"}
{"message":{"name":"APIError","status":401,"isPublic":false,"isOperational":true},"level":"error"}
{"message":{"name":"APIError","status":401,"isPublic":false,"isOperational":true},"level":"error"}
{"message":{"name":"APIError","status":401,"isPublic":false,"isOperational":true},"level":"error"}
{"message":{"name":"APIError","status":401,"isPublic":false,"isOperational":true},"level":"error"}
{"message":{"name":"APIError","status":401,"isPublic":false,"isOperational":true},"level":"error"}
{"message":{"name":"APIError","status":401,"isPublic":false,"isOperational":true},"level":"error"}
{"message":{"name":"APIError","status":401,"isPublic":false,"isOperational":true},"level":"error"}
{"level":"error"}
{"code":401,"message":"Unauthorized","stack":"APIError\n    at new ExtendableError (C:\\Users\\callm\\Documents\\Web\\Projets\\Starter\\src\\api\\utils\\ExtendableError.js:15:11)\n    at new APIError (C:\\Users\\callm\\Documents\\Web\\Projets\\Starter\\src\\api\\utils\\APIError.js:28:5)\n    at C:\\Users\\callm\\Documents\\Web\\Projets\\Starter\\src\\api\\middlewares\\auth.js:18:29\n    at allFailed (C:\\Users\\callm\\Documents\\Web\\Projets\\Starter\\node_modules\\passport\\lib\\middleware\\authenticate.js:107:18)\n    at attempt (C:\\Users\\callm\\Documents\\Web\\Projets\\Starter\\node_modules\\passport\\lib\\middleware\\authenticate.js:180:28)\n    at JwtStrategy.strategy.fail (C:\\Users\\callm\\Documents\\Web\\Projets\\Starter\\node_modules\\passport\\lib\\middleware\\authenticate.js:302:9)\n    at JwtStrategy.authenticate (C:\\Users\\callm\\Documents\\Web\\Projets\\Starter\\node_modules\\passport-jwt\\lib\\strategy.js:96:21)\n    at attempt (C:\\Users\\callm\\Documents\\Web\\Projets\\Starter\\node_modules\\passport\\lib\\middleware\\authenticate.js:366:16)\n    at authenticate (C:\\Users\\callm\\Documents\\Web\\Projets\\Starter\\node_modules\\passport\\lib\\middleware\\authenticate.js:367:7)\n    at exports.authenticate (C:\\Users\\callm\\Documents\\Web\\Projets\\Starter\\src\\api\\middlewares\\auth.js:34:78)\n    at Layer.handle [as handle_request] (C:\\Users\\callm\\Documents\\Web\\Projets\\Starter\\node_modules\\express\\lib\\router\\layer.js:95:5)\n    at next (C:\\Users\\callm\\Documents\\Web\\Projets\\Starter\\node_modules\\express\\lib\\router\\route.js:137:13)\n    at Route.dispatch (C:\\Users\\callm\\Documents\\Web\\Projets\\Starter\\node_modules\\express\\lib\\router\\route.js:112:3)\n    at Layer.handle [as handle_request] (C:\\Users\\callm\\Documents\\Web\\Projets\\Starter\\node_modules\\express\\lib\\router\\layer.js:95:5)\n    at C:\\Users\\callm\\Documents\\Web\\Projets\\Starter\\node_modules\\express\\lib\\router\\index.js:281:22\n    at Function.process_params (C:\\Users\\callm\\Documents\\Web\\Projets\\Starter\\node_modules\\express\\lib\\router\\index.js:335:12)\n    at next (C:\\Users\\callm\\Documents\\Web\\Projets\\Starter\\node_modules\\express\\lib\\router\\index.js:275:10)\n    at Function.handle (C:\\Users\\callm\\Documents\\Web\\Projets\\Starter\\node_modules\\express\\lib\\router\\index.js:174:3)\n    at router (C:\\Users\\callm\\Documents\\Web\\Projets\\Starter\\node_modules\\express\\lib\\router\\index.js:47:12)\n    at Layer.handle [as handle_request] (C:\\Users\\callm\\Documents\\Web\\Projets\\Starter\\node_modules\\express\\lib\\router\\layer.js:95:5)\n    at trim_prefix (C:\\Users\\callm\\Documents\\Web\\Projets\\Starter\\node_modules\\express\\lib\\router\\index.js:317:13)\n    at C:\\Users\\callm\\Documents\\Web\\Projets\\Starter\\node_modules\\express\\lib\\router\\index.js:284:7\n    at Function.process_params (C:\\Users\\callm\\Documents\\Web\\Projets\\Starter\\node_modules\\express\\lib\\router\\index.js:335:12)\n    at next (C:\\Users\\callm\\Documents\\Web\\Projets\\Starter\\node_modules\\express\\lib\\router\\index.js:275:10)\n    at initialize (C:\\Users\\callm\\Documents\\Web\\Projets\\Starter\\node_modules\\passport\\lib\\middleware\\initialize.js:53:5)\n    at Layer.handle [as handle_request] (C:\\Users\\callm\\Documents\\Web\\Projets\\Starter\\node_modules\\express\\lib\\router\\layer.js:95:5)\n    at trim_prefix (C:\\Users\\callm\\Documents\\Web\\Projets\\Starter\\node_modules\\express\\lib\\router\\index.js:317:13)\n    at C:\\Users\\callm\\Documents\\Web\\Projets\\Starter\\node_modules\\express\\lib\\router\\index.js:284:7\n    at Function.process_params (C:\\Users\\callm\\Documents\\Web\\Projets\\Starter\\node_modules\\express\\lib\\router\\index.js:335:12)\n    at next (C:\\Users\\callm\\Documents\\Web\\Projets\\Starter\\node_modules\\express\\lib\\router\\index.js:275:10)\n    at cors (C:\\Users\\callm\\Documents\\Web\\Projets\\Starter\\node_modules\\cors\\lib\\index.js:188:7)\n    at C:\\Users\\callm\\Documents\\Web\\Projets\\Starter\\node_modules\\cors\\lib\\index.js:224:17\n    at originCallback (C:\\Users\\callm\\Documents\\Web\\Projets\\Starter\\node_modules\\cors\\lib\\index.js:214:15)\n    at C:\\Users\\callm\\Documents\\Web\\Projets\\Starter\\node_modules\\cors\\lib\\index.js:219:13\n    at optionsCallback (C:\\Users\\callm\\Documents\\Web\\Projets\\Starter\\node_modules\\cors\\lib\\index.js:199:9)\n    at corsMiddleware (C:\\Users\\callm\\Documents\\Web\\Projets\\Starter\\node_modules\\cors\\lib\\index.js:204:7)\n    at Layer.handle [as handle_request] (C:\\Users\\callm\\Documents\\Web\\Projets\\Starter\\node_modules\\express\\lib\\router\\layer.js:95:5)\n    at trim_prefix (C:\\Users\\callm\\Documents\\Web\\Projets\\Starter\\node_modules\\express\\lib\\router\\index.js:317:13)\n    at C:\\Users\\callm\\Documents\\Web\\Projets\\Starter\\node_modules\\express\\lib\\router\\index.js:284:7\n    at Function.process_params (C:\\Users\\callm\\Documents\\Web\\Projets\\Starter\\node_modules\\express\\lib\\router\\index.js:335:12)\n    at next (C:\\Users\\callm\\Documents\\Web\\Projets\\Starter\\node_modules\\express\\lib\\router\\index.js:275:10)\n    at internalNext (C:\\Users\\callm\\Documents\\Web\\Projets\\Starter\\node_modules\\helmet\\dist\\index.js:100:17)\n    at xXssProtectionMiddleware (C:\\Users\\callm\\Documents\\Web\\Projets\\Starter\\node_modules\\helmet\\dist\\middlewares\\x-xss-protection\\index.js:6:9)\n    at internalNext (C:\\Users\\callm\\Documents\\Web\\Projets\\Starter\\node_modules\\helmet\\dist\\index.js:104:17)\n    at referrerPolicyMiddleware (C:\\Users\\callm\\Documents\\Web\\Projets\\Starter\\node_modules\\helmet\\dist\\middlewares\\referrer-policy\\index.js:35:9)\n    at internalNext (C:\\Users\\callm\\Documents\\Web\\Projets\\Starter\\node_modules\\helmet\\dist\\index.js:104:17)\n    at xPermittedCrossDomainPoliciesMiddleware (C:\\Users\\callm\\Documents\\Web\\Projets\\Starter\\node_modules\\helmet\\dist\\middlewares\\x-permitted-cross-domain-policies\\index.js:21:9)\n    at internalNext (C:\\Users\\callm\\Documents\\Web\\Projets\\Starter\\node_modules\\helmet\\dist\\index.js:104:17)\n    at xContentTypeOptionsMiddleware (C:\\Users\\callm\\Documents\\Web\\Projets\\Starter\\node_modules\\helmet\\dist\\middlewares\\x-content-type-options\\index.js:6:9)\n    at internalNext (C:\\Users\\callm\\Documents\\Web\\Projets\\Starter\\node_modules\\helmet\\dist\\index.js:104:17)\n    at xDownloadOptionsMiddleware (C:\\Users\\callm\\Documents\\Web\\Projets\\Starter\\node_modules\\helmet\\dist\\middlewares\\x-download-options\\index.js:6:9)\n    at internalNext (C:\\Users\\callm\\Documents\\Web\\Projets\\Starter\\node_modules\\helmet\\dist\\index.js:104:17)\n    at strictTransportSecurityMiddleware (C:\\Users\\callm\\Documents\\Web\\Projets\\Starter\\node_modules\\helmet\\dist\\middlewares\\strict-transport-security\\index.js:40:9)\n    at internalNext (C:\\Users\\callm\\Documents\\Web\\Projets\\Starter\\node_modules\\helmet\\dist\\index.js:104:17)\n    at xPoweredByMiddleware (C:\\Users\\callm\\Documents\\Web\\Projets\\Starter\\node_modules\\helmet\\dist\\middlewares\\x-powered-by\\index.js:6:9)\n    at internalNext (C:\\Users\\callm\\Documents\\Web\\Projets\\Starter\\node_modules\\helmet\\dist\\index.js:104:17)\n    at xFrameOptionsMiddleware (C:\\Users\\callm\\Documents\\Web\\Projets\\Starter\\node_modules\\helmet\\dist\\middlewares\\x-frame-options\\index.js:22:9)\n    at internalNext (C:\\Users\\callm\\Documents\\Web\\Projets\\Starter\\node_modules\\helmet\\dist\\index.js:104:17)\n    at expectCtMiddleware (C:\\Users\\callm\\Documents\\Web\\Projets\\Starter\\node_modules\\helmet\\dist\\middlewares\\expect-ct\\index.js:31:9)\n    at internalNext (C:\\Users\\callm\\Documents\\Web\\Projets\\Starter\\node_modules\\helmet\\dist\\index.js:104:17)\n    at xDnsPrefetchControlMiddleware (C:\\Users\\callm\\Documents\\Web\\Projets\\Starter\\node_modules\\helmet\\dist\\middlewares\\x-dns-prefetch-control\\index.js:7:9)\n    at internalNext (C:\\Users\\callm\\Documents\\Web\\Projets\\Starter\\node_modules\\helmet\\dist\\index.js:104:17)\n    at contentSecurityPolicyMiddleware (C:\\Users\\callm\\Documents\\Web\\Projets\\Starter\\node_modules\\helmet\\dist\\middlewares\\content-security-policy\\index.js:111:13)\n    at internalNext (C:\\Users\\callm\\Documents\\Web\\Projets\\Starter\\node_modules\\helmet\\dist\\index.js:104:17)\n    at helmetMiddleware (C:\\Users\\callm\\Documents\\Web\\Projets\\Starter\\node_modules\\helmet\\dist\\index.js:106:11)\n    at Layer.handle [as handle_request] (C:\\Users\\callm\\Documents\\Web\\Projets\\Starter\\node_modules\\express\\lib\\router\\layer.js:95:5)\n    at trim_prefix (C:\\Users\\callm\\Documents\\Web\\Projets\\Starter\\node_modules\\express\\lib\\router\\index.js:317:13)\n    at C:\\Users\\callm\\Documents\\Web\\Projets\\Starter\\node_modules\\express\\lib\\router\\index.js:284:7\n    at Function.process_params (C:\\Users\\callm\\Documents\\Web\\Projets\\Starter\\node_modules\\express\\lib\\router\\index.js:335:12)\n    at next (C:\\Users\\callm\\Documents\\Web\\Projets\\Starter\\node_modules\\express\\lib\\router\\index.js:275:10)\n    at SendStream.error (C:\\Users\\callm\\Documents\\Web\\Projets\\Starter\\node_modules\\serve-static\\index.js:121:7)\n    at SendStream.emit (events.js:315:20)\n    at SendStream.error (C:\\Users\\callm\\Documents\\Web\\Projets\\Starter\\node_modules\\send\\index.js:270:17)\n    at SendStream.onStatError (C:\\Users\\callm\\Documents\\Web\\Projets\\Starter\\node_modules\\send\\index.js:421:12)\n    at next (C:\\Users\\callm\\Documents\\Web\\Projets\\Starter\\node_modules\\send\\index.js:735:16)\n    at onstat (C:\\Users\\callm\\Documents\\Web\\Projets\\Starter\\node_modules\\send\\index.js:724:14)\n    at FSReqCallback.oncomplete (fs.js:168:21)","level":"error"}
{"message":"Unauthorized","level":"error"}
